<?xml version="1.0" encoding="UTF-8"?>
<!-- Generated by org.testng.reporters.JUnitReportReporter -->
<testsuite hostname="DESKTOP-ILBLPA2" name="com.qa.tests.ExcelReadTest" tests="2" failures="0" timestamp="23 Jun 2019 15:31:24 GMT" time="13.045" errors="0">
  <testcase name="LoginWithMultipleUsers" time="6.591" classname="com.qa.tests.ExcelReadTest"/>
  <testcase name="LoginWithMultipleUsers" time="6.454" classname="com.qa.tests.ExcelReadTest"/>
</testsuite> <!-- com.qa.tests.ExcelReadTest -->
