<?xml version="1.0" encoding="UTF-8"?>
<!-- Generated by org.testng.reporters.JUnitReportReporter -->
<testsuite hostname="DESKTOP-ILBLPA2" name="com.qa.tests.TestBrowser" tests="2" failures="0" timestamp="23 Jun 2019 15:35:31 GMT" time="1.758" errors="0">
  <testcase name="OpenBrowser" time="0.351" classname="com.qa.tests.TestBrowser"/>
  <testcase name="CheckTitle" time="1.407" classname="com.qa.tests.TestBrowser"/>
</testsuite> <!-- com.qa.tests.TestBrowser -->
