<?xml version="1.0" encoding="UTF-8"?>
<!-- Generated by org.testng.reporters.JUnitReportReporter -->
<testsuite skipped="0" hostname="DESKTOP-ILBLPA2" name="com.qa.tests.TestBrowser" tests="2" failures="0" timestamp="26 Jul 2019 23:41:21 GMT" time="2.956" errors="0">
  <testcase name="CheckTitle" time="2.624" classname="com.qa.tests.TestBrowser"/>
  <testcase name="OpenBrowser" time="0.332" classname="com.qa.tests.TestBrowser"/>
</testsuite> <!-- com.qa.tests.TestBrowser -->
