<?xml version="1.0" encoding="UTF-8"?>
<!-- Generated by org.testng.reporters.JUnitReportReporter -->
<testsuite skipped="0" hostname="DESKTOP-ILBLPA2" name="com.qa.tests.ExcelReadTest" tests="2" failures="0" timestamp="26 Jul 2019 23:41:21 GMT" time="29.917" errors="0">
  <testcase name="LoginWithMultipleUsers" time="17.119" classname="com.qa.tests.ExcelReadTest"/>
  <testcase name="LoginWithMultipleUsers" time="12.798" classname="com.qa.tests.ExcelReadTest"/>
</testsuite> <!-- com.qa.tests.ExcelReadTest -->
